<?xml version="1.0" encoding="UTF-8"?>
<testng-results skipped="0" failed="1" ignored="0" total="3" passed="2">
  <reporter-output>
  </reporter-output>
  <suite name="Default suite" duration-ms="46209" started-at="2019-02-20T08:33:01Z" finished-at="2019-02-20T08:33:47Z">
    <groups>
    </groups>
    <test name="Default test" duration-ms="46209" started-at="2019-02-20T08:33:01Z" finished-at="2019-02-20T08:33:47Z">
      <class name="maven_project_001.maven_project_002.TestngForMavenDemo">
        <test-method status="PASS" signature="open_browser()[pri:0, instance:maven_project_001.maven_project_002.TestngForMavenDemo@523884b2]" name="open_browser" is-config="true" duration-ms="10976" started-at="2019-02-20T08:32:50Z" finished-at="2019-02-20T08:33:01Z">
          <reporter-output>
          </reporter-output>
        </test-method> <!-- open_browser -->
        <test-method status="PASS" signature="getApplicationurl()[pri:0, instance:maven_project_001.maven_project_002.TestngForMavenDemo@523884b2]" name="getApplicationurl" is-config="true" duration-ms="12650" started-at="2019-02-20T08:33:01Z" finished-at="2019-02-20T08:33:14Z">
          <reporter-output>
          </reporter-output>
        </test-method> <!-- getApplicationurl -->
        <test-method status="PASS" signature="browser_maximize()[pri:0, instance:maven_project_001.maven_project_002.TestngForMavenDemo@523884b2]" name="browser_maximize" is-config="true" duration-ms="1231" started-at="2019-02-20T08:33:14Z" finished-at="2019-02-20T08:33:15Z">
          <reporter-output>
          </reporter-output>
        </test-method> <!-- browser_maximize -->
        <test-method status="PASS" signature="beforeMethod()[pri:0, instance:maven_project_001.maven_project_002.TestngForMavenDemo@523884b2]" name="beforeMethod" is-config="true" duration-ms="219" started-at="2019-02-20T08:33:15Z" finished-at="2019-02-20T08:33:15Z">
          <reporter-output>
          </reporter-output>
        </test-method> <!-- beforeMethod -->
        <test-method status="PASS" signature="logiwithvaliddetails()[pri:1, instance:maven_project_001.maven_project_002.TestngForMavenDemo@523884b2]" name="logiwithvaliddetails" duration-ms="30444" started-at="2019-02-20T08:33:15Z" description="login with valid username and password" finished-at="2019-02-20T08:33:46Z">
          <reporter-output>
          </reporter-output>
        </test-method> <!-- logiwithvaliddetails -->
        <test-method status="PASS" signature="capturescreenshot()[pri:0, instance:maven_project_001.maven_project_002.TestngForMavenDemo@523884b2]" name="capturescreenshot" is-config="true" duration-ms="479" started-at="2019-02-20T08:33:46Z" finished-at="2019-02-20T08:33:46Z">
          <reporter-output>
          </reporter-output>
        </test-method> <!-- capturescreenshot -->
        <test-method status="PASS" signature="beforeMethod()[pri:0, instance:maven_project_001.maven_project_002.TestngForMavenDemo@523884b2]" name="beforeMethod" is-config="true" duration-ms="29" started-at="2019-02-20T08:33:46Z" finished-at="2019-02-20T08:33:46Z">
          <reporter-output>
          </reporter-output>
        </test-method> <!-- beforeMethod -->
        <test-method status="PASS" signature="verifydetails()[pri:2, instance:maven_project_001.maven_project_002.TestngForMavenDemo@523884b2]" name="verifydetails" duration-ms="13" started-at="2019-02-20T08:33:46Z" description="Verify login with valid username and password" finished-at="2019-02-20T08:33:46Z">
          <reporter-output>
          </reporter-output>
        </test-method> <!-- verifydetails -->
        <test-method status="PASS" signature="capturescreenshot()[pri:0, instance:maven_project_001.maven_project_002.TestngForMavenDemo@523884b2]" name="capturescreenshot" is-config="true" duration-ms="350" started-at="2019-02-20T08:33:46Z" finished-at="2019-02-20T08:33:47Z">
          <reporter-output>
          </reporter-output>
        </test-method> <!-- capturescreenshot -->
        <test-method status="FAIL" signature="loginwithInvaliddetails()[pri:3, instance:maven_project_001.maven_project_002.TestngForMavenDemo@523884b2]" name="loginwithInvaliddetails" duration-ms="216" started-at="2019-02-20T08:33:47Z" description="login with Invalid username and password" finished-at="2019-02-20T08:33:47Z">
          <exception class="java.lang.AssertionError">
            <message>
              <![CDATA[wronn msg expected [false] but found [true]]]>
            </message>
            <full-stacktrace>
              <![CDATA[java.lang.AssertionError: wronn msg expected [false] but found [true]
at org.testng.Assert.fail(Assert.java:96)
at org.testng.Assert.failNotEquals(Assert.java:776)
at org.testng.Assert.assertFalse(Assert.java:65)
at maven_project_001.maven_project_002.TestngForMavenDemo.loginwithInvaliddetails(TestngForMavenDemo.java:65)
at sun.reflect.NativeMethodAccessorImpl.invoke0(Native Method)
at sun.reflect.NativeMethodAccessorImpl.invoke(NativeMethodAccessorImpl.java:62)
at sun.reflect.DelegatingMethodAccessorImpl.invoke(DelegatingMethodAccessorImpl.java:43)
at java.lang.reflect.Method.invoke(Method.java:498)
at org.testng.internal.MethodInvocationHelper.invokeMethod(MethodInvocationHelper.java:124)
at org.testng.internal.Invoker.invokeMethod(Invoker.java:583)
at org.testng.internal.Invoker.invokeTestMethod(Invoker.java:719)
at org.testng.internal.Invoker.invokeTestMethods(Invoker.java:989)
at org.testng.internal.TestMethodWorker.invokeTestMethods(TestMethodWorker.java:125)
at org.testng.internal.TestMethodWorker.run(TestMethodWorker.java:109)
at org.testng.TestRunner.privateRun(TestRunner.java:648)
at org.testng.TestRunner.run(TestRunner.java:505)
at org.testng.SuiteRunner.runTest(SuiteRunner.java:455)
at org.testng.SuiteRunner.runSequentially(SuiteRunner.java:450)
at org.testng.SuiteRunner.privateRun(SuiteRunner.java:415)
at org.testng.SuiteRunner.run(SuiteRunner.java:364)
at org.testng.SuiteRunnerWorker.runSuite(SuiteRunnerWorker.java:52)
at org.testng.SuiteRunnerWorker.run(SuiteRunnerWorker.java:84)
at org.testng.TestNG.runSuitesSequentially(TestNG.java:1208)
at org.testng.TestNG.runSuitesLocally(TestNG.java:1137)
at org.testng.TestNG.runSuites(TestNG.java:1049)
at org.testng.TestNG.run(TestNG.java:1017)
at org.testng.remote.AbstractRemoteTestNG.run(AbstractRemoteTestNG.java:114)
at org.testng.remote.RemoteTestNG.initAndRun(RemoteTestNG.java:251)
at org.testng.remote.RemoteTestNG.main(RemoteTestNG.java:77)
]]>
            </full-stacktrace>
          </exception> <!-- java.lang.AssertionError -->
          <reporter-output>
          </reporter-output>
        </test-method> <!-- loginwithInvaliddetails -->
        <test-method status="PASS" signature="beforeMethod()[pri:0, instance:maven_project_001.maven_project_002.TestngForMavenDemo@523884b2]" name="beforeMethod" is-config="true" duration-ms="0" started-at="2019-02-20T08:33:47Z" finished-at="2019-02-20T08:33:47Z">
          <reporter-output>
          </reporter-output>
        </test-method> <!-- beforeMethod -->
        <test-method status="PASS" signature="capturescreenshot()[pri:0, instance:maven_project_001.maven_project_002.TestngForMavenDemo@523884b2]" name="capturescreenshot" is-config="true" duration-ms="321" started-at="2019-02-20T08:33:47Z" finished-at="2019-02-20T08:33:47Z">
          <reporter-output>
          </reporter-output>
        </test-method> <!-- capturescreenshot -->
        <test-method status="PASS" signature="DeteleAllCookies()[pri:0, instance:maven_project_001.maven_project_002.TestngForMavenDemo@523884b2]" name="DeteleAllCookies" is-config="true" duration-ms="156" started-at="2019-02-20T08:33:47Z" finished-at="2019-02-20T08:33:47Z">
          <reporter-output>
          </reporter-output>
        </test-method> <!-- DeteleAllCookies -->
        <test-method status="PASS" signature="dbconnectionclosed()[pri:0, instance:maven_project_001.maven_project_002.TestngForMavenDemo@523884b2]" name="dbconnectionclosed" is-config="true" duration-ms="0" started-at="2019-02-20T08:33:47Z" finished-at="2019-02-20T08:33:47Z">
          <reporter-output>
          </reporter-output>
        </test-method> <!-- dbconnectionclosed -->
        <test-method status="PASS" signature="Browser_closed()[pri:0, instance:maven_project_001.maven_project_002.TestngForMavenDemo@523884b2]" name="Browser_closed" is-config="true" duration-ms="94" started-at="2019-02-20T08:33:48Z" finished-at="2019-02-20T08:33:48Z">
          <reporter-output>
          </reporter-output>
        </test-method> <!-- Browser_closed -->
      </class> <!-- maven_project_001.maven_project_002.TestngForMavenDemo -->
    </test> <!-- Default test -->
  </suite> <!-- Default suite -->
</testng-results>
