<?xml version="1.0" encoding="UTF-8"?>
<!-- Generated by org.testng.reporters.JUnitXMLReporter -->
<testsuite hostname="DESKTOP-479UU7V" ignored="0" name="MavenProjectTest" tests="3" failures="1" timestamp="14 Feb 2019 07:57:26 GMT" time="52.158" errors="0">
  <testcase name="logiwithvaliddetails" time="46.526" classname="maven_project_001.maven_project_002.TestngForMavenDemo"/>
  <testcase name="verifydetails" time="0.01" classname="maven_project_001.maven_project_002.TestngForMavenDemo"/>
  <testcase name="loginwithInvaliddetails" time="0.241" classname="maven_project_001.maven_project_002.TestngForMavenDemo">
    <failure type="java.lang.AssertionError" message="wronn msg expected [false] but found [true]">
      <![CDATA[java.lang.AssertionError: wronn msg expected [false] but found [true]
at maven_project_001.maven_project_002.TestngForMavenDemo.loginwithInvaliddetails(TestngForMavenDemo.java:65)
... Removed 28 stack frames]]>
    </failure>
  </testcase> <!-- loginwithInvaliddetails -->
</testsuite> <!-- MavenProjectTest -->
